This is e-pTeX, Version 3.141592653-p4.0.0-220214-2.6 (utf8.euc) (TeX Live 2022) (preloaded format=platex 2022.8.27)  28 AUG 2022 00:06
entering extended mode
 \write18 enabled.
 file:line:error style messages enabled.
 %&-line parsing enabled.
**/home/yuichifunahashi/tex/R04UTF8
(/home/yuichifunahashi/tex/R04UTF8.tex
pLaTeX2e <2021-11-15> (based on LaTeX2e <2022-06-01> patch level 5)
L3 programming layer <2022-08-23> (/usr/local/texlive/2022/texmf-dist/tex/platex/jsclasses/jsbook.cls
Document Class: jsbook 2021/06/28 jsclasses (okumura, texjporg)
\jsc@mpt=\dimen154
\jsc@mmm=\dimen155
\jsc@smallskipamount=\skip47
LaTeX Info: Redefining \textmc on input line 502.
LaTeX Info: Redefining \textgt on input line 504.
\symmincho=\mathgroup4
LaTeX Font Info:    Overwriting symbol font `mincho' in version `bold'
(Font)                  JY1/mc/m/n --> JY1/gt/m/n on input line 566.
LaTeX Font Info:    Font shape `JT1/mc/m/n' will be
(Font)              scaled to size 9.60999pt on input line 760.
LaTeX Font Info:    Font shape `JY1/mc/m/n' will be
(Font)              scaled to size 9.60999pt on input line 760.
\fullwidth=\dimen156
LaTeX Font Info:    Font shape `JT1/mc/m/n' will be
(Font)              scaled to size 7.68799pt on input line 921.
LaTeX Font Info:    Font shape `JY1/mc/m/n' will be
(Font)              scaled to size 7.68799pt on input line 921.
\c@part=\count184
\c@chapter=\count185
\c@section=\count186
\c@subsection=\count187
\c@subsubsection=\count188
\c@paragraph=\count189
\c@subparagraph=\count190
\c@figure=\count191
\c@table=\count192
\abovecaptionskip=\skip48
\belowcaptionskip=\skip49
\jsc@tocl@width=\dimen157
\@lnumwidth=\dimen158
\bibindent=\dimen159
(/usr/local/texlive/2022/texmf-dist/tex/platex/jsclasses/jslogo.sty
Package: jslogo 2019/07/25 okumura, texjporg
LaTeX Info: Redefining \TeX on input line 82.
LaTeX Info: Redefining \LaTeX on input line 135.
LaTeX Info: Redefining \LaTeXe on input line 188.
)
\heisei=\count193
) (/usr/local/texlive/2022/texmf-dist/tex/platex/jsclasses/okumacro.sty
Package: okumacro 2021/07/01 okumura, texjporg
\@scw=\dimen160
\scb@x=\box68
\EXAMPLEWIDTH=\dimen161
\shaderule=\dimen162
) (/usr/local/texlive/2022/texmf-dist/tex/latex/amsmath/amsmath.sty
Package: amsmath 2022/04/08 v2.17n AMS math features
\@mathmargin=\skip50

For additional information on amsmath, use the `?' option.
(/usr/local/texlive/2022/texmf-dist/tex/latex/amsmath/amstext.sty
Package: amstext 2021/08/26 v2.01 AMS text
 (/usr/local/texlive/2022/texmf-dist/tex/latex/amsmath/amsgen.sty
File: amsgen.sty 1999/11/30 v2.0 generic functions
\@emptytoks=\toks17
\ex@=\dimen163
)) (/usr/local/texlive/2022/texmf-dist/tex/latex/amsmath/amsbsy.sty
Package: amsbsy 1999/11/29 v1.2d Bold Symbols
\pmbraise@=\dimen164
) (/usr/local/texlive/2022/texmf-dist/tex/latex/amsmath/amsopn.sty
Package: amsopn 2022/04/08 v2.04 operator names
)
\inf@bad=\count194
LaTeX Info: Redefining \frac on input line 234.
\uproot@=\count195
\leftroot@=\count196
LaTeX Info: Redefining \overline on input line 399.
LaTeX Info: Redefining \colon on input line 410.
\classnum@=\count197
\DOTSCASE@=\count198
LaTeX Info: Redefining \ldots on input line 496.
LaTeX Info: Redefining \dots on input line 499.
LaTeX Info: Redefining \cdots on input line 620.
\Mathstrutbox@=\box69
\strutbox@=\box70
LaTeX Info: Redefining \big on input line 722.
LaTeX Info: Redefining \Big on input line 723.
LaTeX Info: Redefining \bigg on input line 724.
LaTeX Info: Redefining \Bigg on input line 725.
\big@size=\dimen165
LaTeX Font Info:    Redeclaring font encoding OML on input line 743.
LaTeX Font Info:    Redeclaring font encoding OMS on input line 744.
\macc@depth=\count199
LaTeX Info: Redefining \bmod on input line 905.
LaTeX Info: Redefining \pmod on input line 910.
LaTeX Info: Redefining \smash on input line 940.
LaTeX Info: Redefining \relbar on input line 970.
LaTeX Info: Redefining \Relbar on input line 971.
\c@MaxMatrixCols=\count266
\dotsspace@=\muskip16
\c@parentequation=\count267
\dspbrk@lvl=\count268
\tag@help=\toks18
\row@=\count269
\column@=\count270
\maxfields@=\count271
\andhelp@=\toks19
\eqnshift@=\dimen166
\alignsep@=\dimen167
\tagshift@=\dimen168
\tagwidth@=\dimen169
\totwidth@=\dimen170
\lineht@=\dimen171
\@envbody=\toks20
\multlinegap=\skip51
\multlinetaggap=\skip52
\mathdisplay@stack=\toks21
LaTeX Info: Redefining \[ on input line 2953.
LaTeX Info: Redefining \] on input line 2954.
) (/usr/local/texlive/2022/texmf-dist/tex/latex/amscls/amsthm.sty
Package: amsthm 2020/05/29 v2.20.6
\thm@style=\toks22
\thm@bodyfont=\toks23
\thm@headfont=\toks24
\thm@notefont=\toks25
\thm@headpunct=\toks26
\thm@preskip=\skip53
\thm@postskip=\skip54
\thm@headsep=\skip55
\dth@everypar=\toks27
) (/usr/local/texlive/2022/texmf-dist/tex/latex/amsfonts/amssymb.sty
Package: amssymb 2013/01/14 v3.01 AMS font symbols
 (/usr/local/texlive/2022/texmf-dist/tex/latex/amsfonts/amsfonts.sty
Package: amsfonts 2013/01/14 v3.01 Basic AMSFonts support
\symAMSa=\mathgroup5
\symAMSb=\mathgroup6
LaTeX Font Info:    Redeclaring math symbol \hbar on input line 98.
LaTeX Font Info:    Overwriting math alphabet `\mathfrak' in version `bold'
(Font)                  U/euf/m/n --> U/euf/b/n on input line 106.
)) (/usr/local/texlive/2022/texmf-dist/tex/latex/tools/enumerate.sty
Package: enumerate 2015/07/23 v3.00 enumerate extensions (DPC)
\@enLab=\toks28
) (/usr/local/texlive/2022/texmf-dist/tex/latex/tools/multicol.sty
Package: multicol 2021/11/30 v1.9d multicolumn formatting (FMi)
\c@tracingmulticols=\count272
\mult@box=\box71
\multicol@leftmargin=\dimen172
\c@unbalance=\count273
\c@collectmore=\count274
\doublecol@number=\count275
\multicoltolerance=\count276
\multicolpretolerance=\count277
\full@width=\dimen173
\page@free=\dimen174
\premulticols=\dimen175
\postmulticols=\dimen176
\multicolsep=\skip56
\multicolbaselineskip=\skip57
\partial@page=\box72
\last@line=\box73
\maxbalancingoverflow=\dimen177
\mult@rightbox=\box74
\mult@grightbox=\box75
\mult@firstbox=\box76
\mult@gfirstbox=\box77
\@tempa=\box78
\@tempa=\box79
\@tempa=\box80
\@tempa=\box81
\@tempa=\box82
\@tempa=\box83
\@tempa=\box84
\@tempa=\box85
\@tempa=\box86
\@tempa=\box87
\@tempa=\box88
\@tempa=\box89
\@tempa=\box90
\@tempa=\box91
\@tempa=\box92
\@tempa=\box93
\@tempa=\box94
\@tempa=\box95
\@tempa=\box96
\@tempa=\box97
\@tempa=\box98
\@tempa=\box99
\@tempa=\box100
\@tempa=\box101
\@tempa=\box102
\@tempa=\box103
\@tempa=\box104
\@tempa=\box105
\@tempa=\box106
\@tempa=\box107
\@tempa=\box108
\@tempa=\box109
\@tempa=\box110
\@tempa=\box111
\@tempa=\box112
\@tempa=\box113
\c@minrows=\count278
\c@columnbadness=\count279
\c@finalcolumnbadness=\count280
\last@try=\dimen178
\multicolovershoot=\dimen179
\multicolundershoot=\dimen180
\mult@nat@firstbox=\box114
\colbreak@box=\box115
\mc@col@check@num=\count281
) (/usr/local/texlive/2022/texmf-dist/tex/latex/ascmac/ascmac.sty
Package: ascmac 2020/01/15 v2.1 ascmac wrapper (community edition) 
 (/usr/local/texlive/2022/texmf-dist/tex/latex/ascmac/tascmac.sty
Package: tascmac 2020/01/15 v2.1 ascmac package (community edition) 
\@savetbaselineshift=\dimen181
\@saveybaselineshift=\dimen182
\scb@x=\box116
\scscb@x=\box117
\@bw=\dimen183
\@nbox=\box118
\@nbody=\box119
\@scw=\dimen184
\ascmac@hoboxa=\box120
\ascmac@hoboxb=\box121
\@itemh=\dimen185
\@iboxpos=\toks29
\@iboxstr=\box122
\@bwsp=\box123
\@@bwsp=\box124
\@bcal=\count282
\shaderule=\dimen186
)) (/usr/local/texlive/2022/texmf-dist/tex/platex/emath/itembbox.sty
Package: itembbox 2004/08/10 v 0.19
 (/usr/local/texlive/2022/texmf-dist/tex/latex/graphics/keyval.sty
Package: keyval 2022/05/29 v1.15 key=value parser (DPC)
\KV@toks@=\toks30
)
\iboxpos@=\toks31
\sc@itemb@x=\box125
\sc@itemb@x@=\box126
\@itemw=\dimen187
\shaderule=\dimen188
\dblboxrule=\dimen189
\dblboxrulein=\dimen190
\dblboxsep=\dimen191
) (/usr/local/texlive/2022/texmf-dist/tex/platex/emath/emath.sty
Package: emath 2005/10/31 v1.54p ÂàùÁ≠âÊï∞Â≠¶„Éû„ÇØ„É≠„Éë„ÉÉ„Ç±„Éº„Ç∏
 (/usr/local/texlive/2022/texmf-dist/tex/platex/emath/emath2e.sty (/usr/local/texlive/2022/texmf-dist/tex/platex/emath/emathE.sty
Package: emathE 2005/09/05 v0.79 Êã°Âºµenumerate
 (/usr/local/texlive/2022/texmf-dist/tex/platex/emath/emathEc.sty
Package: emathEc 2005/09/05 v0.00
 (/usr/local/texlive/2022/texmf-dist/tex/platex/emath/emathC.sty
Package: emathC 2005/09/03 v0.25
 (/usr/local/texlive/2022/texmf-dist/tex/latex/tools/calc.sty
Package: calc 2017/05/25 v4.3 Infix arithmetic (KKT,FJ)
\calc@Acount=\count283
\calc@Bcount=\count284
\calc@Adimen=\dimen192
\calc@Bdimen=\dimen193
\calc@Askip=\skip58
\calc@Bskip=\skip59
LaTeX Info: Redefining \setlength on input line 80.
LaTeX Info: Redefining \addtolength on input line 81.
\calc@Ccount=\count285
\calc@Cskip=\skip60
) (/usr/local/texlive/2022/texmf-dist/tex/latex/base/ifthen.sty
Package: ifthen 2022/04/13 v1.1d Standard LaTeX ifthen package (DPC)
)
\c@tempcnta=\count286
\templa=\dimen194
\emath@toks@=\toks32
\Sett@width=\dimen195
\EMcalc@A=\dimen196
)) (/usr/local/texlive/2022/texmf-dist/tex/platex/emath/jquote.sty
Package: jquote 2005/10/31 v0.01
) (/usr/local/texlive/2022/texmf-dist/tex/platex/emath/emathK.sty)
\kizami@ti=\count287
\syoki@ti=\count288
\c@Enumi=\count289
\c@Enumii=\count290
\c@Enumiii=\count291
\c@Enumiv=\count292
\emtokena=\toks33
))
\templb=\dimen197
\templc=\dimen198
\tempboxa=\box127
\tempboxb=\box128
\EMc@hizyosuu=\count293
\EMc@syou=\count294
\EMc@zyo@amari=\count295
\GCM=\count296
\zyo@@c=\count297
\hizyo@@c=\count298
\wari@@cnt=\count299
\wari@@cmax=\count300
\gyou@@c=\count301
\hidari@@p=\count302
\migi@@p=\count303
\renritu@hidariyohaku=\dimen199
\@ltxlinelen=\dimen256
\fileophndl=\read2
) (/usr/local/texlive/2022/texmf-dist/tex/platex/emath/hako.sty
Package: hako 2005/10/24 v1.30
 (/usr/local/texlive/2022/texmf-dist/tex/latex/tools/verbatim.sty
Package: verbatim 2020-07-07 v1.5u LaTeX2e package for verbatim enhancements
\every@verbatim=\toks34
\verbatim@line=\toks35
\verbatim@in@stream=\read3
) (/usr/local/texlive/2022/texmf-dist/tex/platex/emath/emathLb.sty
Package: emathLb 2004/09/27 v 0.04
)
\c@hako@mozisuu=\count304
\c@hakoban=\count305
\c@hakobanaiu=\count306
\c@hakobaniro=\count307
\c@hakobanAIU=\count308
\c@hakobanIRO=\count309
\c@hakobanara=\count310
\c@hakobanalp=\count311
\c@hakobanALP=\count312
\c@hakobanrma=\count313
\c@hakobanRMA=\count314
\c@hakobanmar=\count315
\c@hakobankan=\count316
\c@xh@koban=\count317
\c@xh@kobanaiu=\count318
\c@xh@kobaniro=\count319
\c@xh@kobanAIU=\count320
\c@xh@kobanIRO=\count321
\c@xh@kobanara=\count322
\c@xh@kobanalp=\count323
\c@xh@kobanALP=\count324
\c@xh@kobanrma=\count325
\c@xh@kobanRMA=\count326
\c@xh@kobanmar=\count327
\c@xh@kobankan=\count328
\@kosuuban=\count329
\H@kobox=\box129
\hako@skipa=\skip61
\h@koraise=\skip62
\hako@kai@rhndl=\read4
\hako@kai@hndl=\write3
\HakoKai@length=\skip63
\HakoKai@box=\box130
) (/usr/local/texlive/2022/texmf-dist/tex/platex/mysty/scrpage.sty
Package: scrpage 2001/06/22 v1.3c KOMA package
) (/usr/local/texlive/2022/texmf-dist/tex/platex/mysty/ulinej.sty
\ul@curpos=\count330
\ul@tmpbox=\box131
\ul@skipwidth=\dimen257
\ul@depth=\dimen258
\ul@height=\dimen259
) (/usr/local/texlive/2022/texmf-dist/tex/platex/emath/emathP.sty
Package: emathP 2004/09/19 v 0.66
 (/usr/local/texlive/2022/texmf-dist/tex/platex/emath/emathPp.sty
Package: emathPp 2005/11/07 v 0.39
 (/usr/local/texlive/2022/texmf-dist/tex/platex/emath/emathPh.sty
Package: emathPh 2005/11/03 v 2.46
 (/usr/local/texlive/2022/texmf-dist/tex/platex/mysty/epic.sty
Enhancements to Picture Environment. Version 1.2 - Released June 1, 1986
\@@multicnt=\count331
\d@lta=\count332
\@delta=\dimen260
\@@delta=\dimen261
\@gridcnt=\count333
\@joinkind=\count334
\@dotgap=\dimen262
\@ddotgap=\dimen263
\@x@diff=\count335
\@y@diff=\count336
\x@diff=\dimen264
\y@diff=\dimen265
\@dotbox=\box132
\num@segments=\count337
\num@segmentsi=\count338
\@datafile=\read5
) (/usr/local/texlive/2022/texmf-dist/tex/platex/mysty/eepic.sty
Extension to Epic and LaTeX. Version 1.1b - Released Febrary 7, 1988
\@gphlinewidth=\count339
\@eepictcnt=\count340
\@tempdimc=\dimen266
\maxovaldiam=\dimen267
\@filltype=\box133
) (/usr/local/texlive/2022/texmf-dist/tex/platex/mysty/eclarith.sty
eclarith.sty 1.1 --- July 1, 1992
\ari!A=\dimen268
\ari!B=\dimen269
\ari!C=\count341
\ari!D=\count342
) (/usr/local/texlive/2022/texmf-dist/tex/latex/graphics/graphicx.sty
Package: graphicx 2021/09/16 v1.2d Enhanced LaTeX Graphics (DPC,SPQR)
 (/usr/local/texlive/2022/texmf-dist/tex/latex/graphics/graphics.sty
Package: graphics 2022/03/10 v1.4e Standard LaTeX Graphics (DPC,SPQR)
 (/usr/local/texlive/2022/texmf-dist/tex/latex/graphics/trig.sty
Package: trig 2021/08/11 v1.11 sin cos tan (DPC)
) (/usr/local/texlive/2022/texmf-dist/tex/latex/graphics-cfg/graphics.cfg
File: graphics.cfg 2016/06/04 v1.11 sample graphics configuration
)
Package graphics Info: Driver file: dvips.def on input line 107.
 (/usr/local/texlive/2022/texmf-dist/tex/latex/graphics-def/dvips.def
File: dvips.def 2017/06/20 v3.1d Graphics/color driver for dvips
))
\Gin@req@height=\dimen270
\Gin@req@width=\dimen271
) (/usr/local/texlive/2022/texmf-dist/tex/latex/graphics/color.sty
Package: color 2022/01/06 v1.3d Standard LaTeX Color (DPC)
 (/usr/local/texlive/2022/texmf-dist/tex/latex/graphics-cfg/color.cfg
File: color.cfg 2016/01/02 v1.6 sample color configuration
)
Package color Info: Driver file: dvips.def on input line 149.
 (/usr/local/texlive/2022/texmf-dist/tex/latex/graphics/dvipsnam.def
File: dvipsnam.def 2016/06/17 v3.0m Driver-dependent file (DPC,SPQR)
) (/usr/local/texlive/2022/texmf-dist/tex/latex/graphics/mathcolor.ltx))
\@tempdimd=\dimen272
LaTeX Info: Redefining \color on input line 203.
\DHS@seq=\toks36
\yasen@toks=\toks37
\tenretu@namae=\toks38
\namae@opt=\toks39
\@tmpla=\dimen273
)
\pl@out=\write4
\pl@in=\read6
) (/usr/local/texlive/2022/texmf-dist/tex/platex/emath/emathPxy.sty
Package: emathPxy 2005/06/27 v 0.31
\xunitlength=\dimen274
\yunitlength=\dimen275
) (/usr/local/texlive/2022/texmf-dist/tex/platex/emath/emathPk.sty
Package: emathPk 2005/10/10 v 0.94
) (/usr/local/texlive/2022/texmf-dist/tex/platex/emath/emathT.sty
Package: emathT 2005/10/29 v0.42
 (/usr/local/texlive/2022/texmf-dist/tex/latex/tools/array.sty
Package: array 2022/03/10 v2.5f Tabular extension package (FMi)
\col@sep=\dimen276
\ar@mcellbox=\box134
\extrarowheight=\dimen277
\NC@list=\toks40
\extratabsurround=\skip64
\backup@length=\skip65
\ar@cellbox=\box135
) (/usr/local/texlive/2022/texmf-dist/tex/latex/tools/hhline.sty
Package: hhline 2020/01/04 v2.04 Table rule package (DPC)
)
\hyouretuhaba=\dimen278
\emT@w=\dimen279
\emT@h=\dimen280
\emT@@h=\dimen281
\emT@d=\dimen282
\emT@@d=\dimen283
\emT@r=\dimen284
\arrayrulewidthb=\dimen285
) (/usr/local/texlive/2022/texmf-dist/tex/platex/emath/emathPb.sty
Package: emathPb 2005/09/10 v 0.01
\rectbox@item@box=\box136
\c@rectboxenum=\count343
\rectb@x=\box137
\mekureb@x=\box138
\kakomiwaku@out=\write5
) (/usr/local/texlive/2022/texmf-dist/tex/platex/emath/emathPg.sty
Package: emathPg 2005/09/07 v 0.00
)) (/usr/local/texlive/2022/texmf-dist/tex/platex/emath/emathMw.sty
Package: emathMw 2005/09/03 v0.13 Âõû„ÇäËæº„Åø
\@mawarikomisep=\skip66
\mawarikomisep=\skip67
\mawarikomikankaku=\skip68
\EMWR@boxi=\box139
\EMWR@boxii=\box140
\eitemindent=\skip69
\zu@width=\skip70
\zuitemwidth=\skip71
) (/usr/local/texlive/2022/texmf-dist/tex/platex/emath/emathEy.sty
Package: emathEy 2005/09/05 v0.01 Ê®™‰∏¶„Å≥ enumerate
\eda@box=\box141
\ed@beta@box=\box142
\c@edamon@suu=\count344
\edaenum@wdth=\dimen286
\edaenum@wdth@=\dimen287
\leftmargin@org@s=\dimen288
\edaitemindent=\dimen289
\betaitemindent=\dimen290
\beta@linewidth=\dimen291
\eda@linewidth=\dimen292
\pre@edasep=\dimen293
\post@edasep=\dimen294
\preedaenumskip=\dimen295
\postedaenumskip=\dimen296
\yokoenum@wd=\dimen297
) (/usr/local/texlive/2022/texmf-dist/tex/platex/picins/picins.sty Option `picins' Version 3.0 Sep. 1992, TH Darmstadt/HRZ
\@BILD=\box143
\@TEXT=\box144
\d@breite=\dimen298
\d@hoehe=\dimen299
\d@xoff=\dimen300
\d@yoff=\dimen301
\d@shad=\dimen302
\d@dash=\dimen303
\d@boxl=\dimen304
\d@pichskip=\dimen305
\d@tmp=\dimen306
\d@tmpa=\dimen307
\d@bskip=\dimen308
\hsiz@=\dimen309
\p@getot@l=\dimen310
\c@breite=\count345
\c@hoehe=\count346
\c@xoff=\count347
\c@yoff=\count348
\c@pos=\count349
\c@shad=\count350
\c@dash=\count351
\c@boxl=\count352
\c@zeilen=\count353
\@changemode=\count354
\c@piccaption=\count355
\c@piccaptionpos=\count356
\c@picpos=\count357
\c@whole=\count358
\c@half=\count359
\c@tmp=\count360
\c@tmpa=\count361
\c@tmpb=\count362
\c@tmpc=\count363
\c@tmpd=\count364
\d@leftskip=\skip72
\ptoti=\dimen311
\ptotii=\dimen312
\env@box=\box145
\d@envdp=\dimen313
\c@hsize=\count365
\c@envdp=\count366
\d@envb=\dimen314
) (/usr/local/texlive/2022/texmf-dist/tex/latex/l3backend/l3backend-dvips.def
File: l3backend-dvips.def 2022-08-23 L3 backend support: dvips
\l__pdf_internal_box=\box146
\g__pdf_backend_object_int=\count367
\l__pdf_backend_content_box=\box147
\l__pdf_backend_model_box=\box148
\g__pdf_backend_annotation_int=\count368
\g__pdf_backend_link_int=\count369
\g__pdf_backend_link_sf_int=\count370
)

LaTeX Warning: Unused global option(s):
    [9.5pt].

No file R04UTF8.aux.
\openout1 = `R04UTF8.aux'.

LaTeX Font Info:    Checking defaults for OML/cmm/m/it on input line 29.
LaTeX Font Info:    ... okay on input line 29.
LaTeX Font Info:    Checking defaults for OMS/cmsy/m/n on input line 29.
LaTeX Font Info:    ... okay on input line 29.
LaTeX Font Info:    Checking defaults for OT1/cmr/m/n on input line 29.
LaTeX Font Info:    ... okay on input line 29.
LaTeX Font Info:    Checking defaults for T1/cmr/m/n on input line 29.
LaTeX Font Info:    ... okay on input line 29.
LaTeX Font Info:    Checking defaults for TS1/cmr/m/n on input line 29.
LaTeX Font Info:    ... okay on input line 29.
LaTeX Font Info:    Checking defaults for OMX/cmex/m/n on input line 29.
LaTeX Font Info:    ... okay on input line 29.
LaTeX Font Info:    Checking defaults for U/cmr/m/n on input line 29.
LaTeX Font Info:    ... okay on input line 29.
LaTeX Font Info:    Checking defaults for JY1/mc/m/n on input line 29.
LaTeX Font Info:    ... okay on input line 29.
LaTeX Font Info:    Checking defaults for JT1/mc/m/n on input line 29.
LaTeX Font Info:    ... okay on input line 29.
LaTeX Font Info:    Font shape `JT1/mc/bx/n' in size <10> not available
(Font)              Font shape `JT1/gt/m/n' tried instead on input line 46.
LaTeX Font Info:    Font shape `JT1/gt/m/n' will be
(Font)              scaled to size 9.60999pt on input line 46.
LaTeX Font Info:    Font shape `JY1/mc/bx/n' in size <10> not available
(Font)              Font shape `JY1/gt/m/n' tried instead on input line 46.
LaTeX Font Info:    Font shape `JY1/gt/m/n' will be
(Font)              scaled to size 9.60999pt on input line 46.
LaTeX Font Info:    Font shape `JT1/gt/bx/n' in size <10> not available
(Font)              Font shape `JT1/gt/m/n' tried instead on input line 46.
LaTeX Font Info:    Font shape `JT1/gt/m/n' will be
(Font)              scaled to size 9.60999pt on input line 46.
LaTeX Font Info:    Font shape `JY1/gt/bx/n' in size <10> not available
(Font)              Font shape `JY1/gt/m/n' tried instead on input line 46.
LaTeX Font Info:    Font shape `JY1/gt/m/n' will be
(Font)              scaled to size 9.60999pt on input line 46.
LaTeX Font Info:    Font shape `JY1/mc/m/n' will be
(Font)              scaled to size 6.72699pt on input line 46.
LaTeX Font Info:    Font shape `JY1/mc/m/n' will be
(Font)              scaled to size 4.805pt on input line 46.
LaTeX Font Info:    Trying to load font information for U+msa on input line 46.
(/usr/local/texlive/2022/texmf-dist/tex/latex/amsfonts/umsa.fd
File: umsa.fd 2013/01/14 v3.01 AMS symbols A
)
LaTeX Font Info:    Trying to load font information for U+msb on input line 46.
 (/usr/local/texlive/2022/texmf-dist/tex/latex/amsfonts/umsb.fd
File: umsb.fd 2013/01/14 v3.01 AMS symbols B
) (./fig/1‰∏≠fig01.tex)
Overfull \hbox (6.59842pt too wide) in paragraph at lines 81--49
[][] 
 []

(./fig/1‰∏≠fig03.tex)
Overfull \hbox (14.54865pt too wide) in paragraph at lines 128--66
[][] 
 []

(./fig/1‰∏≠fig04.tex) (./fig/1‰∏≠fig02.tex

./fig/1√Êfig02.tex:507: LaTeX Error: Invalid UTF-8 byte "90.

See the LaTeX manual or LaTeX Companion for explanation.
Type  H <return>  for immediate help.
 ...                                              
                                                  
l.507 ...-23.2000){\makebox(0,0){{\bf ^^90}^^82P}}
                                                  }%
The document does not appear to be in UTF-8 encoding.
Try adding \UseRawInputEncoding as the first line of the file
or specify an encoding such as \usepackage [latin1]{inputenc}
in the document preamble.
Alternatively, save the file in UTF-8 using your editor or another tool


./fig/1√Êfig02.tex:507: LaTeX Error: Invalid UTF-8 byte "82.

See the LaTeX manual or LaTeX Companion for explanation.
Type  H <return>  for immediate help.
 ...                                              
                                                  
l.507 ...-23.2000){\makebox(0,0){{\bf ^^90}^^82P}}
                                                  }%
The document does not appear to be in UTF-8 encoding.
Try adding \UseRawInputEncoding as the first line of the file
or specify an encoding such as \usepackage [latin1]{inputenc}
in the document preamble.
Alternatively, save the file in UTF-8 using your editor or another tool


./fig/1√Êfig02.tex:511: LaTeX Error: Invalid UTF-8 byte "90.

See the LaTeX manual or LaTeX Companion for explanation.
Type  H <return>  for immediate help.
 ...                                              
                                                  
l.511 ...-23.2000){\makebox(0,0){{\bf ^^90}^^82Q}}
                                                  }%
The document does not appear to be in UTF-8 encoding.
Try adding \UseRawInputEncoding as the first line of the file
or specify an encoding such as \usepackage [latin1]{inputenc}
in the document preamble.
Alternatively, save the file in UTF-8 using your editor or another tool


./fig/1√Êfig02.tex:511: LaTeX Error: Invalid UTF-8 byte "82.

See the LaTeX manual or LaTeX Companion for explanation.
Type  H <return>  for immediate help.
 ...                                              
                                                  
l.511 ...-23.2000){\makebox(0,0){{\bf ^^90}^^82Q}}
                                                  }%
The document does not appear to be in UTF-8 encoding.
Try adding \UseRawInputEncoding as the first line of the file
or specify an encoding such as \usepackage [latin1]{inputenc}
in the document preamble.
Alternatively, save the file in UTF-8 using your editor or another tool


Underfull \hbox (badness 10000) detected at line 511
 [][]
 []

./fig/1√Êfig02.tex:529: You can't use `\raise' in internal vertical mode.
\put ...calorigin \local@origin \@killglue \raise 
                                                  #2\yunitlength \hb@xt@ \z@...
l.529 ...16.1000){\makebox(0,0)[lb]{2.5{\sf m/s}}}
                                                  %
Sorry, but I'm not programmed to handle this case;
I'll just pretend that you didn't ask for it.
If you're in the wrong mode, you might be able to
return to the right one by typing `I}' or `I$' or `I\par'.

./fig/1√Êfig02.tex:529: Missing number, treated as zero.
<to be read again> 
                   \hbox 
l.529 ...16.1000){\makebox(0,0)[lb]{2.5{\sf m/s}}}
                                                  %
A number should have been here; I inserted `0'.
(If you can't figure out why I needed to see a number,
look up `weird error' in the index to The TeXbook.)

./fig/1√Êfig02.tex:529: Illegal unit of measure (pt inserted).
<to be read again> 
                   \hbox 
l.529 ...16.1000){\makebox(0,0)[lb]{2.5{\sf m/s}}}
                                                  %
Dimensions can be in units of em, ex, zw, zh, in, pt, pc,
cm, mm, dd, cc, bp, H, Q, or sp; but yours is a new one!
I'll assume that you meant to say pt, for printer's points.
To recover gracefully from this error, it's best to
delete the erroneous units; e.g., type `2' to delete
two letters. (See Chapter 27 of The TeXbook.)

./fig/1√Êfig02.tex:576: Extra }, or forgotten \endgroup.
\endpicture ->\egroup 
                      \hss \egroup \ht \@picbox \@picht \dp \@picbox \z@ \mb...
l.576 \end{picture}
                   }%
I've deleted a group-closing symbol because it seems to be
spurious, as in `$x}$'. But perhaps the } is legitimate and
you forgot something else, as in `\hbox{$x}'. In such cases
the way to recover is to insert both the forgotten and the
deleted material, e.g., by typing `I$}'.

./fig/1√Êfig02.tex:576: Extra }, or forgotten \endgroup.
\endpicture ->\egroup \hss \egroup 
                                   \ht \@picbox \@picht \dp \@picbox \z@ \mb...
l.576 \end{picture}
                   }%
I've deleted a group-closing symbol because it seems to be
spurious, as in `$x}$'. But perhaps the } is legitimate and
you forgot something else, as in `\hbox{$x}'. In such cases
the way to recover is to insert both the forgotten and the
deleted material, e.g., by typing `I$}'.

)
/home/yuichifunahashi/tex/R04UTF8.tex:78: Infinite glue shrinkage found in a paragraph.
<argument> ...hskip:D \c_zero_dim \fi: \tex_par:D 
                                                  \hook_use:n {para/after}\@...
l.78 ...pt,0pt){230pt}{\input{./fig/1‰∏≠fig02.tex}}
                                                  
The paragraph just ended includes some glue that has
infinite shrinkability, e.g., `\hskip 0pt minus 1fil'.
Such glue doesn't belong there---it allows a paragraph
of any length to fit on one line. But it's safe to proceed,
since the offensive shrinkability has been made finite.


Overfull \hbox (50.8439pt too wide) in paragraph at lines 529--78
[]\OT1/cmr/m/n/10 -16.1000[][][][][][][][][][][][][][][][][][][][][][][][][][][][][][][][][][][] [] 
 []

LaTeX Font Info:    Font shape `JT1/mc/bx/n' in size <12> not available
(Font)              Font shape `JT1/gt/m/n' tried instead on input line 88.
LaTeX Font Info:    Font shape `JT1/gt/m/n' will be
(Font)              scaled to size 11.53198pt on input line 88.
LaTeX Font Info:    Font shape `JY1/mc/bx/n' in size <12> not available
(Font)              Font shape `JY1/gt/m/n' tried instead on input line 88.
LaTeX Font Info:    Font shape `JY1/gt/m/n' will be
(Font)              scaled to size 11.53198pt on input line 88.

Overfull \hbox (10.75804pt too wide) has occurred while \output is active
|[]$[]$[] 
 []


Overfull \vbox (4.96712pt too high) has occurred while \output is active []

 [1

] (./fig/1‰∏≠fig05.tex

./fig/1√Êfig05.tex:59: LaTeX Error: Invalid UTF-8 byte "96.

See the LaTeX manual or LaTeX Companion for explanation.
Type  H <return>  for immediate help.
 ...                                              
                                                  
l.59 \put(14.0000,-5.0000){\makebox(0,0){^^96k}}
                                                %
The document does not appear to be in UTF-8 encoding.
Try adding \UseRawInputEncoding as the first line of the file
or specify an encoding such as \usepackage [latin1]{inputenc}
in the document preamble.
Alternatively, save the file in UTF-8 using your editor or another tool


./fig/1√Êfig05.tex:63: LaTeX Error: Invalid UTF-8 byte "93.

See the LaTeX manual or LaTeX Companion for explanation.
Type  H <return>  for immediate help.
 ...                                              
                                                  
l.63 ...25.0000,-16.0000){\makebox(0,0){^^93^^8c}}
                                                  %
The document does not appear to be in UTF-8 encoding.
Try adding \UseRawInputEncoding as the first line of the file
or specify an encoding such as \usepackage [latin1]{inputenc}
in the document preamble.
Alternatively, save the file in UTF-8 using your editor or another tool


./fig/1√Êfig05.tex:63: LaTeX Error: Invalid UTF-8 byte "8C.

See the LaTeX manual or LaTeX Companion for explanation.
Type  H <return>  for immediate help.
 ...                                              
                                                  
l.63 ...25.0000,-16.0000){\makebox(0,0){^^93^^8c}}
                                                  %
The document does not appear to be in UTF-8 encoding.
Try adding \UseRawInputEncoding as the first line of the file
or specify an encoding such as \usepackage [latin1]{inputenc}
in the document preamble.
Alternatively, save the file in UTF-8 using your editor or another tool


./fig/1√Êfig05.tex:81: LaTeX Error: Invalid UTF-8 byte "93.

See the LaTeX manual or LaTeX Companion for explanation.
Type  H <return>  for immediate help.
 ...                                              
                                                  
l.81 ...14.0000,-27.0000){\makebox(0,0){^^93^^ec}}
                                                  %
The document does not appear to be in UTF-8 encoding.
Try adding \UseRawInputEncoding as the first line of the file
or specify an encoding such as \usepackage [latin1]{inputenc}
in the document preamble.
Alternatively, save the file in UTF-8 using your editor or another tool

./fig/1√Êfig05.tex:81: Argument of \UTFviii@three@octets@combine has an extra }.
<inserted text> 
                \par 
l.81 ...14.0000,-27.0000){\makebox(0,0){^^93^^ec}}
                                                  %
I've run across a `}' that doesn't seem to match anything.
For example, `\def\a#1{...}' and `\a}' would produce
this error. If you simply proceed now, the `\par' that
I've just inserted will cause me to report a runaway
argument that might be the root of the problem. But if
your `}' was spurious, just type `2' and it will go away.

Runaway argument?
./fig/1√Êfig05.tex:81: Paragraph ended before \UTFviii@three@octets@combine was complete.
<to be read again> 
                   \par 
l.81 ...14.0000,-27.0000){\makebox(0,0){^^93^^ec}}
                                                  %
I suspect you've forgotten a `}', causing me to apply this
control sequence to too much text. How can we recover?
My plan is to forget the whole thing and hope for the best.


./fig/1√Êfig05.tex:85: LaTeX Error: Invalid UTF-8 byte "90.

See the LaTeX manual or LaTeX Companion for explanation.
Type  H <return>  for immediate help.
 ...                                              
                                                  
l.85 ...(3.2000,-16.0000){\makebox(0,0){^^90^^bc}}
                                                  %
The document does not appear to be in UTF-8 encoding.
Try adding \UseRawInputEncoding as the first line of the file
or specify an encoding such as \usepackage [latin1]{inputenc}
in the document preamble.
Alternatively, save the file in UTF-8 using your editor or another tool


./fig/1√Êfig05.tex:85: LaTeX Error: Invalid UTF-8 byte "BC.

See the LaTeX manual or LaTeX Companion for explanation.
Type  H <return>  for immediate help.
 ...                                              
                                                  
l.85 ...(3.2000,-16.0000){\makebox(0,0){^^90^^bc}}
                                                  %
The document does not appear to be in UTF-8 encoding.
Try adding \UseRawInputEncoding as the first line of the file
or specify an encoding such as \usepackage [latin1]{inputenc}
in the document preamble.
Alternatively, save the file in UTF-8 using your editor or another tool


./fig/1√Êfig05.tex:93: LaTeX Error: Invalid UTF-8 byte "8E.

See the LaTeX manual or LaTeX Companion for explanation.
Type  H <return>  for immediate help.
 ...                                              
                                                  
l.93 ...\makebox(0,0)[lb]{^^8e^^a9^^93]^^8e^^d4A}}
                                                  %
The document does not appear to be in UTF-8 encoding.
Try adding \UseRawInputEncoding as the first line of the file
or specify an encoding such as \usepackage [latin1]{inputenc}
in the document preamble.
Alternatively, save the file in UTF-8 using your editor or another tool


./fig/1√Êfig05.tex:93: LaTeX Error: Invalid UTF-8 byte "A9.

See the LaTeX manual or LaTeX Companion for explanation.
Type  H <return>  for immediate help.
 ...                                              
                                                  
l.93 ...\makebox(0,0)[lb]{^^8e^^a9^^93]^^8e^^d4A}}
                                                  %
The document does not appear to be in UTF-8 encoding.
Try adding \UseRawInputEncoding as the first line of the file
or specify an encoding such as \usepackage [latin1]{inputenc}
in the document preamble.
Alternatively, save the file in UTF-8 using your editor or another tool


./fig/1√Êfig05.tex:93: LaTeX Error: Invalid UTF-8 byte "93.

See the LaTeX manual or LaTeX Companion for explanation.
Type  H <return>  for immediate help.
 ...                                              
                                                  
l.93 ...\makebox(0,0)[lb]{^^8e^^a9^^93]^^8e^^d4A}}
                                                  %
The document does not appear to be in UTF-8 encoding.
Try adding \UseRawInputEncoding as the first line of the file
or specify an encoding such as \usepackage [latin1]{inputenc}
in the document preamble.
Alternatively, save the file in UTF-8 using your editor or another tool


./fig/1√Êfig05.tex:93: LaTeX Error: Invalid UTF-8 byte "8E.

See the LaTeX manual or LaTeX Companion for explanation.
Type  H <return>  for immediate help.
 ...                                              
                                                  
l.93 ...\makebox(0,0)[lb]{^^8e^^a9^^93]^^8e^^d4A}}
                                                  %
The document does not appear to be in UTF-8 encoding.
Try adding \UseRawInputEncoding as the first line of the file
or specify an encoding such as \usepackage [latin1]{inputenc}
in the document preamble.
Alternatively, save the file in UTF-8 using your editor or another tool


./fig/1√Êfig05.tex:93: LaTeX Error: Invalid UTF-8 byte sequence (^^d4A).

See the LaTeX manual or LaTeX Companion for explanation.
Type  H <return>  for immediate help.
 ...                                              
                                                  
l.93 ...\makebox(0,0)[lb]{^^8e^^a9^^93]^^8e^^d4A}}
                                                  %
The document does not appear to be in UTF-8 encoding.
Try adding \UseRawInputEncoding as the first line of the file
or specify an encoding such as \usepackage [latin1]{inputenc}
in the document preamble.
Alternatively, save the file in UTF-8 using your editor or another tool

) (./fig/1‰∏≠fig06.tex

./fig/1√Êfig06.tex:46: LaTeX Error: Invalid UTF-8 byte "81.

See the LaTeX manual or LaTeX Companion for explanation.
Type  H <return>  for immediate help.
 ...                                              
                                                  
l.46 ...,-9.6000){\makebox(0,0)[lb]{$30^^81^^8b$}}
                                                  %
The document does not appear to be in UTF-8 encoding.
Try adding \UseRawInputEncoding as the first line of the file
or specify an encoding such as \usepackage [latin1]{inputenc}
in the document preamble.
Alternatively, save the file in UTF-8 using your editor or another tool


./fig/1√Êfig06.tex:46: LaTeX Error: Invalid UTF-8 byte "8B.

See the LaTeX manual or LaTeX Companion for explanation.
Type  H <return>  for immediate help.
 ...                                              
                                                  
l.46 ...,-9.6000){\makebox(0,0)[lb]{$30^^81^^8b$}}
                                                  %
The document does not appear to be in UTF-8 encoding.
Try adding \UseRawInputEncoding as the first line of the file
or specify an encoding such as \usepackage [latin1]{inputenc}
in the document preamble.
Alternatively, save the file in UTF-8 using your editor or another tool

)
Overfull \hbox (6.23094pt too wide) in paragraph at lines 274--100
[][] 
 []

LaTeX Font Info:    Font shape `JT1/mc/m/n' will be
(Font)              scaled to size 4.805pt on input line 101.
(./fig/1‰∏≠fig07.tex

./fig/1√Êfig07.tex:249: LaTeX Error: Invalid UTF-8 byte "8F.

See the LaTeX manual or LaTeX Companion for explanation.
Type  H <return>  for immediate help.
 ...                                              
                                                  
l.249 ...00){\makebox(0,0)[lb]{^^8f^^ac^^8b^^852}}
                                                  %
The document does not appear to be in UTF-8 encoding.
Try adding \UseRawInputEncoding as the first line of the file
or specify an encoding such as \usepackage [latin1]{inputenc}
in the document preamble.
Alternatively, save the file in UTF-8 using your editor or another tool


./fig/1√Êfig07.tex:249: LaTeX Error: Invalid UTF-8 byte "AC.

See the LaTeX manual or LaTeX Companion for explanation.
Type  H <return>  for immediate help.
 ...                                              
                                                  
l.249 ...00){\makebox(0,0)[lb]{^^8f^^ac^^8b^^852}}
                                                  %
The document does not appear to be in UTF-8 encoding.
Try adding \UseRawInputEncoding as the first line of the file
or specify an encoding such as \usepackage [latin1]{inputenc}
in the document preamble.
Alternatively, save the file in UTF-8 using your editor or another tool


./fig/1√Êfig07.tex:249: LaTeX Error: Invalid UTF-8 byte "8B.

See the LaTeX manual or LaTeX Companion for explanation.
Type  H <return>  for immediate help.
 ...                                              
                                                  
l.249 ...00){\makebox(0,0)[lb]{^^8f^^ac^^8b^^852}}
                                                  %
The document does not appear to be in UTF-8 encoding.
Try adding \UseRawInputEncoding as the first line of the file
or specify an encoding such as \usepackage [latin1]{inputenc}
in the document preamble.
Alternatively, save the file in UTF-8 using your editor or another tool


./fig/1√Êfig07.tex:249: LaTeX Error: Invalid UTF-8 byte "85.

See the LaTeX manual or LaTeX Companion for explanation.
Type  H <return>  for immediate help.
 ...                                              
                                                  
l.249 ...00){\makebox(0,0)[lb]{^^8f^^ac^^8b^^852}}
                                                  %
The document does not appear to be in UTF-8 encoding.
Try adding \UseRawInputEncoding as the first line of the file
or specify an encoding such as \usepackage [latin1]{inputenc}
in the document preamble.
Alternatively, save the file in UTF-8 using your editor or another tool


./fig/1√Êfig07.tex:253: LaTeX Error: Invalid UTF-8 byte "8F.

See the LaTeX manual or LaTeX Companion for explanation.
Type  H <return>  for immediate help.
 ...                                              
                                                  
l.253 ...00){\makebox(0,0)[lb]{^^8f^^ac^^8b^^851}}
                                                  %
The document does not appear to be in UTF-8 encoding.
Try adding \UseRawInputEncoding as the first line of the file
or specify an encoding such as \usepackage [latin1]{inputenc}
in the document preamble.
Alternatively, save the file in UTF-8 using your editor or another tool


./fig/1√Êfig07.tex:253: LaTeX Error: Invalid UTF-8 byte "AC.

See the LaTeX manual or LaTeX Companion for explanation.
Type  H <return>  for immediate help.
 ...                                              
                                                  
l.253 ...00){\makebox(0,0)[lb]{^^8f^^ac^^8b^^851}}
                                                  %
The document does not appear to be in UTF-8 encoding.
Try adding \UseRawInputEncoding as the first line of the file
or specify an encoding such as \usepackage [latin1]{inputenc}
in the document preamble.
Alternatively, save the file in UTF-8 using your editor or another tool


./fig/1√Êfig07.tex:253: LaTeX Error: Invalid UTF-8 byte "8B.

See the LaTeX manual or LaTeX Companion for explanation.
Type  H <return>  for immediate help.
 ...                                              
                                                  
l.253 ...00){\makebox(0,0)[lb]{^^8f^^ac^^8b^^851}}
                                                  %
The document does not appear to be in UTF-8 encoding.
Try adding \UseRawInputEncoding as the first line of the file
or specify an encoding such as \usepackage [latin1]{inputenc}
in the document preamble.
Alternatively, save the file in UTF-8 using your editor or another tool


./fig/1√Êfig07.tex:253: LaTeX Error: Invalid UTF-8 byte "85.

See the LaTeX manual or LaTeX Companion for explanation.
Type  H <return>  for immediate help.
 ...                                              
                                                  
l.253 ...00){\makebox(0,0)[lb]{^^8f^^ac^^8b^^851}}
                                                  %
The document does not appear to be in UTF-8 encoding.
Try adding \UseRawInputEncoding as the first line of the file
or specify an encoding such as \usepackage [latin1]{inputenc}
in the document preamble.
Alternatively, save the file in UTF-8 using your editor or another tool

)
Overfull \hbox (4.45715pt too wide) in paragraph at lines 258--111
[][] 
 []

[2] (./fig/1‰∏≠fig08.tex

./fig/1√Êfig08.tex:186: LaTeX Error: Invalid UTF-8 byte "8F.

See the LaTeX manual or LaTeX Companion for explanation.
Type  H <return>  for immediate help.
 ...                                              
                                                  
l.186 ...)[lb]{^^8fd^^82^^b3$W$^^81k{\sf N}^^81l}}
                                                  %
The document does not appear to be in UTF-8 encoding.
Try adding \UseRawInputEncoding as the first line of the file
or specify an encoding such as \usepackage [latin1]{inputenc}
in the document preamble.
Alternatively, save the file in UTF-8 using your editor or another tool


./fig/1√Êfig08.tex:186: LaTeX Error: Invalid UTF-8 byte "82.

See the LaTeX manual or LaTeX Companion for explanation.
Type  H <return>  for immediate help.
 ...                                              
                                                  
l.186 ...)[lb]{^^8fd^^82^^b3$W$^^81k{\sf N}^^81l}}
                                                  %
The document does not appear to be in UTF-8 encoding.
Try adding \UseRawInputEncoding as the first line of the file
or specify an encoding such as \usepackage [latin1]{inputenc}
in the document preamble.
Alternatively, save the file in UTF-8 using your editor or another tool


./fig/1√Êfig08.tex:186: LaTeX Error: Invalid UTF-8 byte "B3.

See the LaTeX manual or LaTeX Companion for explanation.
Type  H <return>  for immediate help.
 ...                                              
                                                  
l.186 ...)[lb]{^^8fd^^82^^b3$W$^^81k{\sf N}^^81l}}
                                                  %
The document does not appear to be in UTF-8 encoding.
Try adding \UseRawInputEncoding as the first line of the file
or specify an encoding such as \usepackage [latin1]{inputenc}
in the document preamble.
Alternatively, save the file in UTF-8 using your editor or another tool


./fig/1√Êfig08.tex:186: LaTeX Error: Invalid UTF-8 byte "81.

See the LaTeX manual or LaTeX Companion for explanation.
Type  H <return>  for immediate help.
 ...                                              
                                                  
l.186 ...)[lb]{^^8fd^^82^^b3$W$^^81k{\sf N}^^81l}}
                                                  %
The document does not appear to be in UTF-8 encoding.
Try adding \UseRawInputEncoding as the first line of the file
or specify an encoding such as \usepackage [latin1]{inputenc}
in the document preamble.
Alternatively, save the file in UTF-8 using your editor or another tool


./fig/1√Êfig08.tex:186: LaTeX Error: Invalid UTF-8 byte "81.

See the LaTeX manual or LaTeX Companion for explanation.
Type  H <return>  for immediate help.
 ...                                              
                                                  
l.186 ...)[lb]{^^8fd^^82^^b3$W$^^81k{\sf N}^^81l}}
                                                  %
The document does not appear to be in UTF-8 encoding.
Try adding \UseRawInputEncoding as the first line of the file
or specify an encoding such as \usepackage [latin1]{inputenc}
in the document preamble.
Alternatively, save the file in UTF-8 using your editor or another tool


./fig/1√Êfig08.tex:195: LaTeX Error: Invalid UTF-8 byte "81.

See the LaTeX manual or LaTeX Companion for explanation.
Type  H <return>  for immediate help.
 ...                                              
                                                  
l.195 ...$\bunsuu{2}{3}\ell $^^81k{\sf m}^^81l}}}}
                                                  %
The document does not appear to be in UTF-8 encoding.
Try adding \UseRawInputEncoding as the first line of the file
or specify an encoding such as \usepackage [latin1]{inputenc}
in the document preamble.
Alternatively, save the file in UTF-8 using your editor or another tool


./fig/1√Êfig08.tex:195: LaTeX Error: Invalid UTF-8 byte "81.

See the LaTeX manual or LaTeX Companion for explanation.
Type  H <return>  for immediate help.
 ...                                              
                                                  
l.195 ...$\bunsuu{2}{3}\ell $^^81k{\sf m}^^81l}}}}
                                                  %
The document does not appear to be in UTF-8 encoding.
Try adding \UseRawInputEncoding as the first line of the file
or specify an encoding such as \usepackage [latin1]{inputenc}
in the document preamble.
Alternatively, save the file in UTF-8 using your editor or another tool


./fig/1√Êfig08.tex:199: LaTeX Error: Invalid UTF-8 byte "8E.

See the LaTeX manual or LaTeX Companion for explanation.
Type  H <return>  for immediate help.
 ...                                              
                                                  
l.199 ...00,-6.1000){\makebox(0,0)[lb]{^^8e^^851}}
                                                  %
The document does not appear to be in UTF-8 encoding.
Try adding \UseRawInputEncoding as the first line of the file
or specify an encoding such as \usepackage [latin1]{inputenc}
in the document preamble.
Alternatively, save the file in UTF-8 using your editor or another tool


./fig/1√Êfig08.tex:199: LaTeX Error: Invalid UTF-8 byte "85.

See the LaTeX manual or LaTeX Companion for explanation.
Type  H <return>  for immediate help.
 ...                                              
                                                  
l.199 ...00,-6.1000){\makebox(0,0)[lb]{^^8e^^851}}
                                                  %
The document does not appear to be in UTF-8 encoding.
Try adding \UseRawInputEncoding as the first line of the file
or specify an encoding such as \usepackage [latin1]{inputenc}
in the document preamble.
Alternatively, save the file in UTF-8 using your editor or another tool


./fig/1√Êfig08.tex:203: LaTeX Error: Invalid UTF-8 byte "8E.

See the LaTeX manual or LaTeX Companion for explanation.
Type  H <return>  for immediate help.
 ...                                              
                                                  
l.203 ...0,-12.9000){\makebox(0,0)[lb]{^^8e^^852}}
                                                  %
The document does not appear to be in UTF-8 encoding.
Try adding \UseRawInputEncoding as the first line of the file
or specify an encoding such as \usepackage [latin1]{inputenc}
in the document preamble.
Alternatively, save the file in UTF-8 using your editor or another tool


./fig/1√Êfig08.tex:203: LaTeX Error: Invalid UTF-8 byte "85.

See the LaTeX manual or LaTeX Companion for explanation.
Type  H <return>  for immediate help.
 ...                                              
                                                  
l.203 ...0,-12.9000){\makebox(0,0)[lb]{^^8e^^852}}
                                                  %
The document does not appear to be in UTF-8 encoding.
Try adding \UseRawInputEncoding as the first line of the file
or specify an encoding such as \usepackage [latin1]{inputenc}
in the document preamble.
Alternatively, save the file in UTF-8 using your editor or another tool


./fig/1√Êfig08.tex:479: LaTeX Error: Invalid UTF-8 byte "90.

See the LaTeX manual or LaTeX Companion for explanation.
Type  H <return>  for immediate help.
 ...                                              
                                                  
l.479 ...-20.8000){\makebox(0,0){{\bf ^^90}^^82P}}
                                                  }%
The document does not appear to be in UTF-8 encoding.
Try adding \UseRawInputEncoding as the first line of the file
or specify an encoding such as \usepackage [latin1]{inputenc}
in the document preamble.
Alternatively, save the file in UTF-8 using your editor or another tool


./fig/1√Êfig08.tex:479: LaTeX Error: Invalid UTF-8 byte "82.

See the LaTeX manual or LaTeX Companion for explanation.
Type  H <return>  for immediate help.
 ...                                              
                                                  
l.479 ...-20.8000){\makebox(0,0){{\bf ^^90}^^82P}}
                                                  }%
The document does not appear to be in UTF-8 encoding.
Try adding \UseRawInputEncoding as the first line of the file
or specify an encoding such as \usepackage [latin1]{inputenc}
in the document preamble.
Alternatively, save the file in UTF-8 using your editor or another tool


./fig/1√Êfig08.tex:483: LaTeX Error: Invalid UTF-8 byte "90.

See the LaTeX manual or LaTeX Companion for explanation.
Type  H <return>  for immediate help.
 ...                                              
                                                  
l.483 ...-42.6000){\makebox(0,0){{\bf ^^90}^^82Q}}
                                                  }%
The document does not appear to be in UTF-8 encoding.
Try adding \UseRawInputEncoding as the first line of the file
or specify an encoding such as \usepackage [latin1]{inputenc}
in the document preamble.
Alternatively, save the file in UTF-8 using your editor or another tool


./fig/1√Êfig08.tex:483: LaTeX Error: Invalid UTF-8 byte "82.

See the LaTeX manual or LaTeX Companion for explanation.
Type  H <return>  for immediate help.
 ...                                              
                                                  
l.483 ...-42.6000){\makebox(0,0){{\bf ^^90}^^82Q}}
                                                  }%
The document does not appear to be in UTF-8 encoding.
Try adding \UseRawInputEncoding as the first line of the file
or specify an encoding such as \usepackage [latin1]{inputenc}
in the document preamble.
Alternatively, save the file in UTF-8 using your editor or another tool


Underfull \hbox (badness 10000) detected at line 483
 [][]
 []

./fig/1√Êfig08.tex:484: Extra }, or forgotten \endgroup.
\endpicture ->\egroup 
                      \hss \egroup \ht \@picbox \@picht \dp \@picbox \z@ \mb...
l.484 \end{picture}
                   }%
I've deleted a group-closing symbol because it seems to be
spurious, as in `$x}$'. But perhaps the } is legitimate and
you forgot something else, as in `\hbox{$x}'. In such cases
the way to recover is to insert both the forgotten and the
deleted material, e.g., by typing `I$}'.

./fig/1√Êfig08.tex:484: Extra }, or forgotten \endgroup.
\endpicture ->\egroup \hss \egroup 
                                   \ht \@picbox \@picht \dp \@picbox \z@ \mb...
l.484 \end{picture}
                   }%
I've deleted a group-closing symbol because it seems to be
spurious, as in `$x}$'. But perhaps the } is legitimate and
you forgot something else, as in `\hbox{$x}'. In such cases
the way to recover is to insert both the forgotten and the
deleted material, e.g., by typing `I$}'.

)
/home/yuichifunahashi/tex/R04UTF8.tex:125: Infinite glue shrinkage found in a paragraph.
<argument> ...hskip:D \c_zero_dim \fi: \tex_par:D 
                                                  \hook_use:n {para/after}\@...
l.125 ...t,0pt){140pt}{\input{./fig/1‰∏≠fig08.tex}}
                                                  
The paragraph just ended includes some glue that has
infinite shrinkability, e.g., `\hskip 0pt minus 1fil'.
Such glue doesn't belong there---it allows a paragraph
of any length to fit on one line. But it's safe to proceed,
since the offensive shrinkability has been made finite.

(./fig/1‰∏≠fig09.tex)
Overfull \hbox (10.75804pt too wide) has occurred while \output is active
|[]$[]$[] 
 []


Overfull \vbox (4.96712pt too high) has occurred while \output is active []

 [3] [4] (./R04UTF8.aux) ) 
Here is how much of TeX's memory you used:
 9266 strings out of 479479
 116096 string characters out of 5874441
 529417 words of memory out of 5000000
 28163 multiletter control sequences out of 15000+600000
 478535 words of font info for 72 fonts, out of 8000000 for 9000
 19 hyphenation exceptions out of 8191
 104i,22n,110p,1074b,528s stack positions out of 10000i,1000n,20000p,200000b,200000s

Output written on R04UTF8.dvi (4 pages, 38188 bytes).
