This is e-upTeX, Version 3.141592653-p4.1.1-u1.30-230214-2.6 (utf8.euc) (TeX Live 2024) (preloaded format=platex 2024.3.20)  20 MAR 2024 22:38
entering extended mode
 restricted \write18 enabled.
 file:line:error style messages enabled.
 %&-line parsing enabled.
**/home/yuichifunahashi/tex/R04ä¸€å­¦æœŸä¸­é–“è€ƒæŸ»ï¼ˆTJ2ï¼‰UTF8.tex
(/home/yuichifunahashi/tex/R04ä¸€å­¦æœŸä¸­é–“è€ƒæŸ»ï¼ˆTJ2ï¼‰UTF8.tex
pLaTeX2e <2023-02-14>+1, based on
LaTeX2e <2023-11-01> patch level 1
L3 programming layer <2024-03-14>
(/usr/local/texlive/2022/texmf-dist/tex/platex/jsclasses/jsbook.cls
Document Class: jsbook 2023/02/23 jsclasses (okumura, texjporg)
Class jsbook Info: Autodetected engine: pLaTeX on input line 241.
\jsc@mpt=\dimen156
\jsc@mmm=\dimen157
\jsc@smallskipamount=\skip48
LaTeX Info: Redefining \textmc on input line 516.
LaTeX Info: Redefining \textgt on input line 518.
\symmincho=\mathgroup4
LaTeX Font Info:    Overwriting symbol font `mincho' in version `bold'
(Font)                  JY1/mc/m/n --> JY1/gt/m/n on input line 580.
LaTeX Font Info:    Font shape `JT1/mc/m/n' will be
(Font)              scaled to size 9.60999pt on input line 774.
LaTeX Font Info:    Font shape `JY1/mc/m/n' will be
(Font)              scaled to size 9.60999pt on input line 774.
\fullwidth=\dimen158
LaTeX Font Info:    Font shape `JT1/mc/m/n' will be
(Font)              scaled to size 7.68799pt on input line 935.
LaTeX Font Info:    Font shape `JY1/mc/m/n' will be
(Font)              scaled to size 7.68799pt on input line 935.
\c@part=\count187
\c@chapter=\count188
\c@section=\count189
\c@subsection=\count190
\c@subsubsection=\count191
\c@paragraph=\count192
\c@subparagraph=\count193
\c@figure=\count194
\c@table=\count195
\abovecaptionskip=\skip49
\belowcaptionskip=\skip50
\jsc@tocl@width=\dimen159
\@lnumwidth=\dimen160
\bibindent=\dimen161
(/usr/local/texlive/2022/texmf-dist/tex/platex/jsclasses/jslogo.sty
Package: jslogo 2019/07/25 okumura, texjporg
LaTeX Info: Redefining \TeX on input line 82.
LaTeX Info: Redefining \LaTeX on input line 135.
LaTeX Info: Redefining \LaTeXe on input line 188.
)
\heisei=\count196
) (/usr/local/texlive/2022/texmf-dist/tex/platex/jsclasses/okumacro.sty
Package: okumacro 2021/07/01 okumura, texjporg
\@scw=\dimen162
\scb@x=\box68
\EXAMPLEWIDTH=\dimen163
\shaderule=\dimen164
) (/usr/local/texlive/2022/texmf-dist/tex/latex/amsmath/amsmath.sty
Package: amsmath 2023/05/13 v2.17o AMS math features
\@mathmargin=\skip51
For additional information on amsmath, use the `?' option.
(/usr/local/texlive/2022/texmf-dist/tex/latex/amsmath/amstext.sty
Package: amstext 2021/08/26 v2.01 AMS text
(/usr/local/texlive/2022/texmf-dist/tex/latex/amsmath/amsgen.sty
File: amsgen.sty 1999/11/30 v2.0 generic functions
\@emptytoks=\toks18
\ex@=\dimen165
)) (/usr/local/texlive/2022/texmf-dist/tex/latex/amsmath/amsbsy.sty
Package: amsbsy 1999/11/29 v1.2d Bold Symbols
\pmbraise@=\dimen166
) (/usr/local/texlive/2022/texmf-dist/tex/latex/amsmath/amsopn.sty
Package: amsopn 2022/04/08 v2.04 operator names
)
\inf@bad=\count197
LaTeX Info: Redefining \frac on input line 234.
\uproot@=\count198
\leftroot@=\count199
LaTeX Info: Redefining \overline on input line 399.
LaTeX Info: Redefining \colon on input line 410.
\classnum@=\count266
\DOTSCASE@=\count267
LaTeX Info: Redefining \ldots on input line 496.
LaTeX Info: Redefining \dots on input line 499.
LaTeX Info: Redefining \cdots on input line 620.
\Mathstrutbox@=\box69
\strutbox@=\box70
LaTeX Info: Redefining \big on input line 722.
LaTeX Info: Redefining \Big on input line 723.
LaTeX Info: Redefining \bigg on input line 724.
LaTeX Info: Redefining \Bigg on input line 725.
\big@size=\dimen167
LaTeX Font Info:    Redeclaring font encoding OML on input line 743.
LaTeX Font Info:    Redeclaring font encoding OMS on input line 744.
\macc@depth=\count268
LaTeX Info: Redefining \bmod on input line 905.
LaTeX Info: Redefining \pmod on input line 910.
LaTeX Info: Redefining \smash on input line 940.
LaTeX Info: Redefining \relbar on input line 970.
LaTeX Info: Redefining \Relbar on input line 971.
\c@MaxMatrixCols=\count269
\dotsspace@=\muskip16
\c@parentequation=\count270
\dspbrk@lvl=\count271
\tag@help=\toks19
\row@=\count272
\column@=\count273
\maxfields@=\count274
\andhelp@=\toks20
\eqnshift@=\dimen168
\alignsep@=\dimen169
\tagshift@=\dimen170
\tagwidth@=\dimen171
\totwidth@=\dimen172
\lineht@=\dimen173
\@envbody=\toks21
\multlinegap=\skip52
\multlinetaggap=\skip53
\mathdisplay@stack=\toks22
LaTeX Info: Redefining \[ on input line 2953.
LaTeX Info: Redefining \] on input line 2954.
) (/usr/local/texlive/2022/texmf-dist/tex/latex/amscls/amsthm.sty
Package: amsthm 2020/05/29 v2.20.6
\thm@style=\toks23
\thm@bodyfont=\toks24
\thm@headfont=\toks25
\thm@notefont=\toks26
\thm@headpunct=\toks27
\thm@preskip=\skip54
\thm@postskip=\skip55
\thm@headsep=\skip56
\dth@everypar=\toks28
) (/usr/local/texlive/2022/texmf-dist/tex/latex/amsfonts/amssymb.sty
Package: amssymb 2013/01/14 v3.01 AMS font symbols
(/usr/local/texlive/2022/texmf-dist/tex/latex/amsfonts/amsfonts.sty
Package: amsfonts 2013/01/14 v3.01 Basic AMSFonts support
\symAMSa=\mathgroup5
\symAMSb=\mathgroup6
LaTeX Font Info:    Redeclaring math symbol \hbar on input line 98.
LaTeX Font Info:    Overwriting math alphabet `\mathfrak' in version `bold'
(Font)                  U/euf/m/n --> U/euf/b/n on input line 106.
)) (/usr/local/texlive/2022/texmf-dist/tex/latex/tools/enumerate.sty
Package: enumerate 2023/07/04 v3.00 enumerate extensions (DPC)
\@enLab=\toks29
) (/usr/local/texlive/2022/texmf-dist/tex/latex/tools/multicol.sty
Package: multicol 2023/03/30 v1.9f multicolumn formatting (FMi)
\c@tracingmulticols=\count275
\mult@box=\box71
\multicol@leftmargin=\dimen174
\c@unbalance=\count276
\c@collectmore=\count277
\doublecol@number=\count278
\multicoltolerance=\count279
\multicolpretolerance=\count280
\full@width=\dimen175
\page@free=\dimen176
\premulticols=\dimen177
\postmulticols=\dimen178
\multicolsep=\skip57
\multicolbaselineskip=\skip58
\partial@page=\box72
\last@line=\box73
\mc@boxedresult=\box74
\maxbalancingoverflow=\dimen179
\mult@rightbox=\box75
\mult@grightbox=\box76
\mult@firstbox=\box77
\mult@gfirstbox=\box78
\@tempa=\box79
\@tempa=\box80
\@tempa=\box81
\@tempa=\box82
\@tempa=\box83
\@tempa=\box84
\@tempa=\box85
\@tempa=\box86
\@tempa=\box87
\@tempa=\box88
\@tempa=\box89
\@tempa=\box90
\@tempa=\box91
\@tempa=\box92
\@tempa=\box93
\@tempa=\box94
\@tempa=\box95
\@tempa=\box96
\@tempa=\box97
\@tempa=\box98
\@tempa=\box99
\@tempa=\box100
\@tempa=\box101
\@tempa=\box102
\@tempa=\box103
\@tempa=\box104
\@tempa=\box105
\@tempa=\box106
\@tempa=\box107
\@tempa=\box108
\@tempa=\box109
\@tempa=\box110
\@tempa=\box111
\@tempa=\box112
\@tempa=\box113
\@tempa=\box114
\c@minrows=\count281
\c@columnbadness=\count282
\c@finalcolumnbadness=\count283
\last@try=\dimen180
\multicolovershoot=\dimen181
\multicolundershoot=\dimen182
\mult@nat@firstbox=\box115
\colbreak@box=\box116
\mc@col@check@num=\count284
) (/usr/local/texlive/2022/texmf-dist/tex/latex/ascmac/ascmac.sty
Package: ascmac 2020/01/15 v2.1 ascmac wrapper (community edition) 
(/usr/local/texlive/2022/texmf-dist/tex/latex/ascmac/tascmac.sty
Package: tascmac 2020/01/15 v2.1 ascmac package (community edition) 
\@savetbaselineshift=\dimen183
\@saveybaselineshift=\dimen184
\scb@x=\box117
\scscb@x=\box118
\@bw=\dimen185
\@nbox=\box119
\@nbody=\box120
\@scw=\dimen186
\ascmac@hoboxa=\box121
\ascmac@hoboxb=\box122
\@itemh=\dimen187
\@iboxpos=\toks30
\@iboxstr=\box123
\@bwsp=\box124
\@@bwsp=\box125
\@bcal=\count285
\shaderule=\dimen188
))

! LaTeX Error: File `itembbox.sty' not found.

Type X to quit or <RETURN> to proceed,
or enter new name. (Default extension: sty)

Enter file name: 
/home/yuichifunahashi/tex/R04°ì³Ø´üÃæ´Ö¹Íºº¡ÊTJ2¡ËUTF8.tex:8: Emergency stop.
<read *> 
         
l.8 \usepackage
               {graphicx}^^M 
Here is how much of TeX's memory you used:
 2136 strings out of 475996
 27100 string characters out of 5786363
 1918338 words of memory out of 5000000
 24461 multiletter control sequences out of 15000+600000
 562897 words of font info for 59 fonts, out of 8000000 for 9000
 112 hyphenation exceptions out of 8191
 56i,0n,65p,291b,89s stack positions out of 10000i,1000n,20000p,200000b,200000s

No pages of output.
